Build started 03/12/2010 5:48:24 AM.
     1>Project "H:\Documents\Visual Studio 2010\Projects\pmst\ParallelPrimm\ParallelPrimm.vcxproj" on node 2 (build target(s)).
     1>InitializeBuildStatus:
         Creating "Debug\ParallelPrimm.unsuccessfulbuild" because "AlwaysCreate" was specified.
       ClCompile:
         C:\Program Files (x86)\Microsoft Visual Studio 10.0\VC\bin\CL.exe /c /Zi /nologo /W3 /WX- /Od /Oy- /D _MBCS /Gm /EHsc /RTC1 /MDd /GS /fp:precise /Zc:wchar_t /Zc:forScope /Fo"Debug\\" /Fd"Debug\vc100.pdb" /Gd /TP /analyze- /errorReport:prompt pmst.cpp
         pmst.cpp
     1>h:\documents\visual studio 2010\projects\pmst\parallelprimm\wallclock.h(16): warning C4244: 'initializing' : conversion from 'double' to 'clock_t', possible loss of data
     1>pmst.cpp(92): warning C4996: 'sprintf': This function or variable may be unsafe. Consider using sprintf_s instead. To disable deprecation, use _CRT_SECURE_NO_WARNINGS. See online help for details.
                 C:\Program Files (x86)\Microsoft Visual Studio 10.0\VC\include\stdio.h(371) : see declaration of 'sprintf'
     1>pmst.cpp(650): warning C4996: 'fopen': This function or variable may be unsafe. Consider using fopen_s instead. To disable deprecation, use _CRT_SECURE_NO_WARNINGS. See online help for details.
                 C:\Program Files (x86)\Microsoft Visual Studio 10.0\VC\include\stdio.h(234) : see declaration of 'fopen'
     1>pmst.cpp(652): warning C4101: 'temp' : unreferenced local variable
     1>pmst.cpp(789): warning C4996: 'sscanf': This function or variable may be unsafe. Consider using sscanf_s instead. To disable deprecation, use _CRT_SECURE_NO_WARNINGS. See online help for details.
                 C:\Program Files (x86)\Microsoft Visual Studio 10.0\VC\include\stdio.h(325) : see declaration of 'sscanf'
     1>pmst.cpp(802): warning C4996: 'fopen': This function or variable may be unsafe. Consider using fopen_s instead. To disable deprecation, use _CRT_SECURE_NO_WARNINGS. See online help for details.
                 C:\Program Files (x86)\Microsoft Visual Studio 10.0\VC\include\stdio.h(234) : see declaration of 'fopen'
     1>pmst.cpp(812): warning C4996: 'sscanf': This function or variable may be unsafe. Consider using sscanf_s instead. To disable deprecation, use _CRT_SECURE_NO_WARNINGS. See online help for details.
                 C:\Program Files (x86)\Microsoft Visual Studio 10.0\VC\include\stdio.h(325) : see declaration of 'sscanf'
     1>pmst.cpp(815): warning C4996: 'sscanf': This function or variable may be unsafe. Consider using sscanf_s instead. To disable deprecation, use _CRT_SECURE_NO_WARNINGS. See online help for details.
                 C:\Program Files (x86)\Microsoft Visual Studio 10.0\VC\include\stdio.h(325) : see declaration of 'sscanf'
     1>pmst.cpp(836): warning C4996: 'sscanf': This function or variable may be unsafe. Consider using sscanf_s instead. To disable deprecation, use _CRT_SECURE_NO_WARNINGS. See online help for details.
                 C:\Program Files (x86)\Microsoft Visual Studio 10.0\VC\include\stdio.h(325) : see declaration of 'sscanf'
       Link:
         C:\Program Files (x86)\Microsoft Visual Studio 10.0\VC\bin\link.exe /ERRORREPORT:PROMPT /OUT:"H:\Documents\Visual Studio 2010\Projects\pmst\Debug\ParallelPrimm.exe" /NOLOGO kernel32.lib user32.lib gdi32.lib winspool.lib comdlg32.lib advapi32.lib shell32.lib ole32.lib oleaut32.lib uuid.lib odbc32.lib odbccp32.lib /MANIFEST /ManifestFile:"Debug\ParallelPrimm.exe.intermediate.manifest" /MANIFESTUAC:"level='asInvoker' uiAccess='false'" /DEBUG /PDB:"H:\Documents\Visual Studio 2010\Projects\pmst\Debug\ParallelPrimm.pdb" /SUBSYSTEM:CONSOLE /TLBID:1 /DYNAMICBASE /NXCOMPAT /IMPLIB:"H:\Documents\Visual Studio 2010\Projects\pmst\Debug\ParallelPrimm.lib" /MACHINE:X86 Debug\pmst.obj
         LINK : H:\Documents\Visual Studio 2010\Projects\pmst\Debug\ParallelPrimm.exe not found or not built by the last incremental link; performing full link
         ParallelPrimm.vcxproj -> H:\Documents\Visual Studio 2010\Projects\pmst\Debug\ParallelPrimm.exe
       Manifest:
         C:\Program Files (x86)\Microsoft SDKs\Windows\v7.0A\bin\mt.exe /nologo /verbose /outputresource:"H:\Documents\Visual Studio 2010\Projects\pmst\Debug\ParallelPrimm.exe;#1" /manifest Debug\ParallelPrimm.exe.intermediate.manifest
       FinalizeBuildStatus:
         Deleting file "Debug\ParallelPrimm.unsuccessfulbuild".
         Touching "Debug\ParallelPrimm.lastbuildstate".
     1>Done Building Project "H:\Documents\Visual Studio 2010\Projects\pmst\ParallelPrimm\ParallelPrimm.vcxproj" (build target(s)).

Build succeeded.

Time Elapsed 00:00:02.02
